2013-03-22 11:31:09 [INFO] Starting minecraft server version 1.4.7
2013-03-22 11:31:09 [INFO] Loading properties
2013-03-22 11:31:09 [WARNING] server.properties does not exist
2013-03-22 11:31:09 [INFO] Generating new properties file
2013-03-22 11:31:09 [INFO] Default game type: SURVIVAL
2013-03-22 11:31:09 [INFO] Generating keypair
2013-03-22 11:31:09 [INFO] Starting Minecraft server on *:25565
2013-03-22 11:31:09 [INFO] This server is running CraftBukkit version git-Bukkit-1.4.7-R1.0-b2624jnks (MC: 1.4.7) (Implementing API version 1.4.7-R1.0)
2013-03-22 11:31:09 [SEVERE] Could not load 'plugins/trollbeta.jar' in folder 'plugins'
org.bukkit.plugin.InvalidDescriptionException: Invalid plugin.yml
	at org.bukkit.plugin.java.JavaPluginLoader.getPluginDescription(JavaPluginLoader.java:247)
	at org.bukkit.plugin.SimplePluginManager.loadPlugins(SimplePluginManager.java:132)
	at org.bukkit.craftbukkit.v1_4_R1.CraftServer.loadPlugins(CraftServer.java:239)
	at org.bukkit.craftbukkit.v1_4_R1.CraftServer.<init>(CraftServer.java:217)
	at net.minecraft.server.v1_4_R1.PlayerList.<init>(PlayerList.java:55)
	at net.minecraft.server.v1_4_R1.DedicatedPlayerList.<init>(SourceFile:11)
	at net.minecraft.server.v1_4_R1.DedicatedServer.init(DedicatedServer.java:104)
	at net.minecraft.server.v1_4_R1.MinecraftServer.run(MinecraftServer.java:399)
	at net.minecraft.server.v1_4_R1.ThreadServerApplication.run(SourceFile:849)
Caused by: java.io.FileNotFoundException: Jar does not contain plugin.yml
	... 9 more
2013-03-22 11:31:09 [WARNING] Failed to load operators list: java.io.FileNotFoundException: ./ops.txt (No such file or directory)
2013-03-22 11:31:09 [WARNING] Failed to load white-list: java.io.FileNotFoundException: ./white-list.txt (No such file or directory)
2013-03-22 11:31:09 [INFO] Preparing level "world"
2013-03-22 11:31:09 [INFO] Preparing start region for level 0 (Seed: 5006485657382135109)
2013-03-22 11:31:10 [INFO] Preparing spawn area: 12%
2013-03-22 11:31:11 [INFO] Preparing spawn area: 32%
2013-03-22 11:31:12 [INFO] Preparing spawn area: 52%
2013-03-22 11:31:13 [INFO] Preparing spawn area: 73%
2013-03-22 11:31:14 [INFO] Preparing spawn area: 93%
2013-03-22 11:31:15 [INFO] Preparing start region for level 1 (Seed: 5006485657382135109)
2013-03-22 11:31:15 [INFO] Preparing spawn area: 12%
2013-03-22 11:31:16 [INFO] Preparing spawn area: 44%
2013-03-22 11:31:17 [INFO] Preparing spawn area: 81%
2013-03-22 11:31:18 [INFO] Preparing start region for level 2 (Seed: 5006485657382135109)
2013-03-22 11:31:18 [INFO] Preparing spawn area: 24%
2013-03-22 11:31:19 [INFO] Preparing spawn area: 93%
2013-03-22 11:31:20 [INFO] Done (10.420s)! For help, type "help" or "?"
2013-03-22 11:31:23 [INFO] CONSOLE: Stopping the server..[m
2013-03-22 11:31:23 [INFO] Stopping server
2013-03-22 11:31:23 [INFO] Saving players
2013-03-22 11:31:23 [WARNING] DSCT: Socket closed
2013-03-22 11:31:23 [INFO] Saving worlds
2013-03-22 11:31:23 [INFO] Closing listening thread
2013-03-22 11:31:23 [INFO] Saving chunks for level 'world'/Overworld
2013-03-22 11:31:24 [INFO] Saving chunks for level 'world_nether'/Nether
2013-03-22 11:31:25 [INFO] Saving chunks for level 'world_the_end'/The End
2013-03-22 11:43:58 [INFO] Starting minecraft server version 1.4.7
2013-03-22 11:43:58 [INFO] Loading properties
2013-03-22 11:43:58 [INFO] Default game type: SURVIVAL
2013-03-22 11:43:58 [INFO] Generating keypair
2013-03-22 11:43:58 [INFO] Starting Minecraft server on *:25565
2013-03-22 11:43:58 [INFO] This server is running CraftBukkit version git-Bukkit-1.4.7-R1.0-b2624jnks (MC: 1.4.7) (Implementing API version 1.4.7-R1.0)
2013-03-22 11:43:58 [INFO] [TrollYourPlayers] Loading TrollYourPlayers v0.2
2013-03-22 11:43:58 [INFO] Preparing level "world"
2013-03-22 11:43:58 [INFO] Preparing start region for level 0 (Seed: 5006485657382135109)
2013-03-22 11:43:59 [INFO] Preparing start region for level 1 (Seed: 5006485657382135109)
2013-03-22 11:43:59 [INFO] Preparing spawn area: 32%
2013-03-22 11:44:00 [INFO] Preparing start region for level 2 (Seed: 5006485657382135109)
2013-03-22 11:44:00 [INFO] [TrollYourPlayers] Enabling TrollYourPlayers v0.2
2013-03-22 11:44:00 [INFO] [TrollYourPlayers] Loaded TrollYourPlayers v.0.1
2013-03-22 11:44:00 [INFO] Server permissions file permissions.yml is empty, ignoring it
2013-03-22 11:44:00 [INFO] Done (1.534s)! For help, type "help" or "?"
2013-03-22 11:47:20 [INFO] technogeek48[/127.0.0.1:56099] logged in with entity id 3849 at ([world] 40.5, 66.62000000476837, 256.5)
2013-03-22 11:47:27 [INFO] technogeek48 issued server command: /trollmode
2013-03-22 11:47:44 [INFO] CONSOLE: Opped technogeek48[m
2013-03-22 11:47:49 [INFO] technogeek48 issued server command: /trollmode
2013-03-22 11:47:55 [INFO] technogeek48 issued server command: /trollmode
2013-03-22 11:47:56 [INFO] technogeek48 issued server command: /trollmode
2013-03-22 11:48:05 [INFO] technogeek48 issued server command: /silentsmite
2013-03-22 11:48:05 [SEVERE] null
org.bukkit.command.CommandException: Unhandled exception executing command 'silentsmite' in plugin TrollYourPlayers v0.2
	at org.bukkit.command.PluginCommand.execute(PluginCommand.java:46)
	at org.bukkit.command.SimpleCommandMap.dispatch(SimpleCommandMap.java:186)
	at org.bukkit.craftbukkit.v1_4_R1.CraftServer.dispatchCommand(CraftServer.java:514)
	at net.minecraft.server.v1_4_R1.PlayerConnection.handleCommand(PlayerConnection.java:980)
	at net.minecraft.server.v1_4_R1.PlayerConnection.chat(PlayerConnection.java:898)
	at net.minecraft.server.v1_4_R1.PlayerConnection.a(PlayerConnection.java:853)
	at net.minecraft.server.v1_4_R1.Packet3Chat.handle(Packet3Chat.java:44)
	at net.minecraft.server.v1_4_R1.NetworkManager.b(NetworkManager.java:290)
	at net.minecraft.server.v1_4_R1.PlayerConnection.d(PlayerConnection.java:113)
	at net.minecraft.server.v1_4_R1.ServerConnection.b(SourceFile:39)
	at net.minecraft.server.v1_4_R1.DedicatedServerConnection.b(SourceFile:30)
	at net.minecraft.server.v1_4_R1.MinecraftServer.r(MinecraftServer.java:598)
	at net.minecraft.server.v1_4_R1.DedicatedServer.r(DedicatedServer.java:224)
	at net.minecraft.server.v1_4_R1.MinecraftServer.q(MinecraftServer.java:494)
	at net.minecraft.server.v1_4_R1.MinecraftServer.run(MinecraftServer.java:427)
	at net.minecraft.server.v1_4_R1.ThreadServerApplication.run(SourceFile:849)
Caused by: java.util.regex.PatternSyntaxException: Illegal repetition
{}
	at java.util.regex.Pattern.error(Pattern.java:1713)
	at java.util.regex.Pattern.closure(Pattern.java:2775)
	at java.util.regex.Pattern.sequence(Pattern.java:1889)
	at java.util.regex.Pattern.expr(Pattern.java:1752)
	at java.util.regex.Pattern.compile(Pattern.java:1460)
	at java.util.regex.Pattern.<init>(Pattern.java:1133)
	at java.util.regex.Pattern.compile(Pattern.java:823)
	at java.lang.String.replaceAll(String.java:2189)
	at me.technogeek48.TrollYourPlayers.TrollYourPlayers.onCommand(TrollYourPlayers.java:28)
	at org.bukkit.command.PluginCommand.execute(PluginCommand.java:44)
	... 15 more
2013-03-22 11:49:03 [INFO] CONSOLE: Stopping the server..[m
2013-03-22 11:49:03 [INFO] Stopping server
2013-03-22 11:49:03 [INFO] [TrollYourPlayers] Disabling TrollYourPlayers v0.2
2013-03-22 11:49:03 [INFO] [TrollYourPlayers] Unloaded TrollYourPlayers v.0.1
2013-03-22 11:49:03 [INFO] Saving players
2013-03-22 11:49:03 [WARNING] DSCT: Socket closed
2013-03-22 11:49:03 [INFO] Closing listening thread
2013-03-22 11:49:03 [INFO] Saving worlds
2013-03-22 11:49:03 [INFO] Saving chunks for level 'world'/Overworld
2013-03-22 11:49:04 [INFO] Saving chunks for level 'world_nether'/Nether
2013-03-22 11:49:04 [INFO] Saving chunks for level 'world_the_end'/The End
2013-03-22 11:49:04 [INFO] Stopping server
2013-03-22 11:52:01 [INFO] Starting minecraft server version 1.4.7
2013-03-22 11:52:01 [INFO] Loading properties
2013-03-22 11:52:01 [INFO] Default game type: SURVIVAL
2013-03-22 11:52:01 [INFO] Generating keypair
2013-03-22 11:52:02 [INFO] Starting Minecraft server on *:25565
2013-03-22 11:52:02 [INFO] This server is running CraftBukkit version git-Bukkit-1.4.7-R1.0-b2624jnks (MC: 1.4.7) (Implementing API version 1.4.7-R1.0)
2013-03-22 11:52:02 [INFO] [TrollYourPlayers] Loading TrollYourPlayers v0.2
2013-03-22 11:52:02 [INFO] Preparing level "world"
2013-03-22 11:52:02 [INFO] Preparing start region for level 0 (Seed: 5006485657382135109)
2013-03-22 11:52:03 [INFO] Preparing start region for level 1 (Seed: 5006485657382135109)
2013-03-22 11:52:03 [INFO] Preparing spawn area: 48%
2013-03-22 11:52:03 [INFO] Preparing start region for level 2 (Seed: 5006485657382135109)
2013-03-22 11:52:03 [INFO] [TrollYourPlayers] Enabling TrollYourPlayers v0.2
2013-03-22 11:52:03 [INFO] [TrollYourPlayers] Loaded TrollYourPlayers v.0.1
2013-03-22 11:52:03 [INFO] Server permissions file permissions.yml is empty, ignoring it
2013-03-22 11:52:03 [INFO] Done (1.478s)! For help, type "help" or "?"
2013-03-22 11:52:12 [INFO] technogeek48[/127.0.0.1:56236] logged in with entity id 336 at ([world] 44.297456626772295, 68.0, 265.53347073829025)
2013-03-22 11:52:17 [INFO] technogeek48 issued server command: /trollmode
2013-03-22 11:52:47 [INFO] technogeek48 issued server command: /trollmode
2013-03-22 11:53:06 [INFO] technogeek48 issued server command: /fl
2013-03-22 11:53:09 [INFO] technogeek48 issued server command: /fly
2013-03-22 11:53:19 [WARNING] Unexpected exception while parsing console command "trollmode"
org.bukkit.command.CommandException: Unhandled exception executing command 'trollmode' in plugin TrollYourPlayers v0.2
	at org.bukkit.command.PluginCommand.execute(PluginCommand.java:46)
	at org.bukkit.command.SimpleCommandMap.dispatch(SimpleCommandMap.java:186)
	at org.bukkit.craftbukkit.v1_4_R1.CraftServer.dispatchCommand(CraftServer.java:514)
	at org.bukkit.craftbukkit.v1_4_R1.CraftServer.dispatchServerCommand(CraftServer.java:506)
	at net.minecraft.server.v1_4_R1.DedicatedServer.al(DedicatedServer.java:260)
	at net.minecraft.server.v1_4_R1.DedicatedServer.r(DedicatedServer.java:225)
	at net.minecraft.server.v1_4_R1.MinecraftServer.q(MinecraftServer.java:494)
	at net.minecraft.server.v1_4_R1.MinecraftServer.run(MinecraftServer.java:427)
	at net.minecraft.server.v1_4_R1.ThreadServerApplication.run(SourceFile:849)
Caused by: java.lang.ClassCastException: org.bukkit.craftbukkit.v1_4_R1.command.ColouredConsoleSender cannot be cast to org.bukkit.entity.Player
	at me.technogeek48.TrollYourPlayers.TrollYourPlayers.onCommand(TrollYourPlayers.java:35)
	at org.bukkit.command.PluginCommand.execute(PluginCommand.java:44)
	... 8 more
2013-03-22 11:54:29 [INFO] CONSOLE: Stopping the server..[m
2013-03-22 11:54:29 [INFO] Stopping server
2013-03-22 11:54:29 [INFO] [TrollYourPlayers] Disabling TrollYourPlayers v0.2
2013-03-22 11:54:29 [INFO] [TrollYourPlayers] Unloaded TrollYourPlayers v.0.1
2013-03-22 11:54:29 [INFO] Saving players
2013-03-22 11:54:29 [WARNING] DSCT: Socket closed
2013-03-22 11:54:29 [INFO] Closing listening thread
2013-03-22 11:54:29 [INFO] Saving worlds
2013-03-22 11:54:29 [INFO] Saving chunks for level 'world'/Overworld
2013-03-22 11:54:30 [INFO] Saving chunks for level 'world_nether'/Nether
2013-03-22 11:54:30 [INFO] Saving chunks for level 'world_the_end'/The End
2013-03-22 11:54:30 [INFO] Stopping server
2013-03-22 11:56:41 [INFO] Starting minecraft server version 1.4.7
2013-03-22 11:56:41 [INFO] Loading properties
2013-03-22 11:56:41 [INFO] Default game type: SURVIVAL
2013-03-22 11:56:41 [INFO] Generating keypair
2013-03-22 11:56:41 [INFO] Starting Minecraft server on *:25565
2013-03-22 11:56:42 [INFO] This server is running CraftBukkit version git-Bukkit-1.4.7-R1.0-b2624jnks (MC: 1.4.7) (Implementing API version 1.4.7-R1.0)
2013-03-22 11:56:42 [INFO] [TrollYourPlayers] Loading TrollYourPlayers v0.2
2013-03-22 11:56:42 [INFO] Preparing level "world"
2013-03-22 11:56:42 [INFO] Preparing start region for level 0 (Seed: 5006485657382135109)
2013-03-22 11:56:43 [INFO] Preparing start region for level 1 (Seed: 5006485657382135109)
2013-03-22 11:56:43 [INFO] Preparing spawn area: 52%
2013-03-22 11:56:43 [INFO] Preparing start region for level 2 (Seed: 5006485657382135109)
2013-03-22 11:56:43 [INFO] [TrollYourPlayers] Enabling TrollYourPlayers v0.2
2013-03-22 11:56:43 [INFO] [TrollYourPlayers] Loaded TrollYourPlayers v.0.1
2013-03-22 11:56:43 [INFO] Server permissions file permissions.yml is empty, ignoring it
2013-03-22 11:56:43 [INFO] Done (1.477s)! For help, type "help" or "?"
2013-03-22 11:56:50 [INFO] /127.0.0.1:56330 lost connection
2013-03-22 11:56:52 [INFO] technogeek48[/127.0.0.1:56331] logged in with entity id 370 at ([world] 50.705409456233674, 71.0, 302.6350608351953)
2013-03-22 11:57:13 [INFO] technogeek48 issued server command: /trollmode
2013-03-22 11:57:20 [INFO] technogeek48 issued server command: /trollmode
2013-03-22 11:59:03 [INFO] CONSOLE: Stopping the server..[m
2013-03-22 11:59:03 [INFO] Stopping server
2013-03-22 11:59:03 [INFO] [TrollYourPlayers] Disabling TrollYourPlayers v0.2
2013-03-22 11:59:03 [INFO] [TrollYourPlayers] Unloaded TrollYourPlayers v.0.1
2013-03-22 11:59:03 [INFO] Saving players
2013-03-22 11:59:03 [WARNING] DSCT: Socket closed
2013-03-22 11:59:03 [INFO] Closing listening thread
2013-03-22 11:59:03 [INFO] Saving worlds
2013-03-22 11:59:03 [INFO] Saving chunks for level 'world'/Overworld
2013-03-22 11:59:04 [INFO] Saving chunks for level 'world_nether'/Nether
2013-03-22 11:59:04 [INFO] Saving chunks for level 'world_the_end'/The End
2013-03-22 11:59:04 [INFO] Stopping server
2013-03-22 11:59:52 [INFO] Starting minecraft server version 1.4.7
2013-03-22 11:59:52 [INFO] Loading properties
2013-03-22 11:59:52 [INFO] Default game type: SURVIVAL
2013-03-22 11:59:52 [INFO] Generating keypair
2013-03-22 11:59:52 [INFO] Starting Minecraft server on *:25565
2013-03-22 11:59:52 [INFO] This server is running CraftBukkit version git-Bukkit-1.4.7-R1.0-b2624jnks (MC: 1.4.7) (Implementing API version 1.4.7-R1.0)
2013-03-22 11:59:52 [INFO] [TrollYourPlayers] Loading TrollYourPlayers v0.2
2013-03-22 11:59:52 [INFO] Preparing level "world"
2013-03-22 11:59:53 [INFO] Preparing start region for level 0 (Seed: 5006485657382135109)
2013-03-22 11:59:53 [INFO] Preparing start region for level 1 (Seed: 5006485657382135109)
2013-03-22 11:59:54 [INFO] Preparing spawn area: 44%
2013-03-22 11:59:54 [INFO] Preparing start region for level 2 (Seed: 5006485657382135109)
2013-03-22 11:59:54 [INFO] [TrollYourPlayers] Enabling TrollYourPlayers v0.2
2013-03-22 11:59:54 [INFO] [TrollYourPlayers] Loaded TrollYourPlayers v.0.1
2013-03-22 11:59:54 [INFO] Server permissions file permissions.yml is empty, ignoring it
2013-03-22 11:59:54 [INFO] Done (1.506s)! For help, type "help" or "?"
2013-03-22 12:00:02 [INFO] technogeek48[/127.0.0.1:56366] logged in with entity id 376 at ([world] 54.14027812040202, 78.0, 293.78225396824377)
2013-03-22 12:00:09 [INFO] technogeek48 issued server command: /trollmode
2013-03-22 12:00:28 [INFO] technogeek48 issued server command: /trollmode
2013-03-22 12:00:42 [INFO] technogeek48 issued server command: /trollmode
2013-03-22 12:00:59 [INFO] technogeek48 issued server command: /trollmode
2013-03-22 12:01:07 [INFO] technogeek48 issued server command: /trollmode
2013-03-22 12:01:14 [INFO] technogeek48 lost connection: disconnect.quitting
2013-03-22 12:01:14 [INFO] Connection reset
2013-03-22 12:01:20 [INFO] CONSOLE: Stopping the server..[m
2013-03-22 12:01:20 [INFO] Stopping server
2013-03-22 12:01:20 [INFO] [TrollYourPlayers] Disabling TrollYourPlayers v0.2
2013-03-22 12:01:20 [INFO] [TrollYourPlayers] Unloaded TrollYourPlayers v.0.1
2013-03-22 12:01:20 [INFO] Saving players
2013-03-22 12:01:20 [WARNING] DSCT: Socket closed
2013-03-22 12:01:20 [INFO] Saving worlds
2013-03-22 12:01:20 [INFO] Closing listening thread
2013-03-22 12:01:20 [INFO] Saving chunks for level 'world'/Overworld
2013-03-22 12:01:21 [INFO] Saving chunks for level 'world_nether'/Nether
2013-03-22 12:01:21 [INFO] Saving chunks for level 'world_the_end'/The End
2013-03-22 12:04:28 [INFO] Starting minecraft server version 1.4.7
2013-03-22 12:04:28 [INFO] Loading properties
2013-03-22 12:04:28 [INFO] Default game type: SURVIVAL
2013-03-22 12:04:28 [INFO] Generating keypair
2013-03-22 12:04:28 [INFO] Starting Minecraft server on *:25565
2013-03-22 12:04:29 [INFO] This server is running CraftBukkit version git-Bukkit-1.4.7-R1.0-b2624jnks (MC: 1.4.7) (Implementing API version 1.4.7-R1.0)
2013-03-22 12:04:29 [INFO] [TrollYourPlayers] Loading TrollYourPlayers v0.2
2013-03-22 12:04:29 [INFO] Preparing level "world"
2013-03-22 12:04:29 [INFO] Preparing start region for level 0 (Seed: 5006485657382135109)
2013-03-22 12:04:30 [INFO] Preparing start region for level 1 (Seed: 5006485657382135109)
2013-03-22 12:04:30 [INFO] Preparing spawn area: 52%
2013-03-22 12:04:30 [INFO] Preparing start region for level 2 (Seed: 5006485657382135109)
2013-03-22 12:04:30 [INFO] [TrollYourPlayers] Enabling TrollYourPlayers v0.2
2013-03-22 12:04:30 [INFO] [TrollYourPlayers] Loaded TrollYourPlayers v.0.1
2013-03-22 12:04:30 [INFO] Server permissions file permissions.yml is empty, ignoring it
2013-03-22 12:04:30 [INFO] Done (1.470s)! For help, type "help" or "?"
2013-03-22 12:04:37 [INFO] technogeek48[/127.0.0.1:56398] logged in with entity id 362 at ([world] 92.21102692191987, 83.40382135566041, 288.9454221054808)
2013-03-22 12:04:51 [INFO] technogeek48 issued server command: /trollmode
2013-03-22 12:04:59 [INFO] technogeek48 issued server command: /trollmode
2013-03-22 12:05:28 [INFO] technogeek48 lost connection: disconnect.quitting
2013-03-22 12:05:28 [INFO] Connection reset
2013-03-22 12:05:41 [INFO] CONSOLE: Stopping the server..[m
2013-03-22 12:05:41 [INFO] Stopping server
2013-03-22 12:05:41 [INFO] [TrollYourPlayers] Disabling TrollYourPlayers v0.2
2013-03-22 12:05:41 [INFO] [TrollYourPlayers] Unloaded TrollYourPlayers v.0.1
2013-03-22 12:05:41 [INFO] Saving players
2013-03-22 12:05:41 [WARNING] DSCT: Socket closed
2013-03-22 12:05:41 [INFO] Saving worlds
2013-03-22 12:05:41 [INFO] Closing listening thread
2013-03-22 12:05:41 [INFO] Saving chunks for level 'world'/Overworld
2013-03-22 12:05:42 [INFO] Saving chunks for level 'world_nether'/Nether
2013-03-22 12:05:42 [INFO] Saving chunks for level 'world_the_end'/The End
2013-03-22 12:05:42 [INFO] Stopping server
2013-03-22 14:09:06 [INFO] Starting minecraft server version 1.4.7
2013-03-22 14:09:06 [INFO] Loading properties
2013-03-22 14:09:06 [INFO] Default game type: SURVIVAL
2013-03-22 14:09:06 [INFO] Generating keypair
2013-03-22 14:09:06 [INFO] Starting Minecraft server on *:25565
2013-03-22 14:09:06 [INFO] This server is running CraftBukkit version git-Bukkit-1.4.7-R1.0-b2624jnks (MC: 1.4.7) (Implementing API version 1.4.7-R1.0)
2013-03-22 14:09:06 [INFO] [TrollYourPlayers] Loading TrollYourPlayers v0.2
2013-03-22 14:09:06 [INFO] Preparing level "world"
2013-03-22 14:09:06 [INFO] Preparing start region for level 0 (Seed: 5006485657382135109)
2013-03-22 14:09:07 [INFO] Preparing start region for level 1 (Seed: 5006485657382135109)
2013-03-22 14:09:07 [INFO] Preparing spawn area: 36%
2013-03-22 14:09:07 [INFO] Preparing start region for level 2 (Seed: 5006485657382135109)
2013-03-22 14:09:07 [INFO] [TrollYourPlayers] Enabling TrollYourPlayers v0.2
2013-03-22 14:09:07 [INFO] [TrollYourPlayers] Loaded TrollYourPlayers v.0.1
2013-03-22 14:09:07 [INFO] Server permissions file permissions.yml is empty, ignoring it
2013-03-22 14:09:08 [INFO] Done (1.524s)! For help, type "help" or "?"
2013-03-22 14:09:33 [INFO] technogeek48 [/127.0.0.1:56447] lost connection
2013-03-22 14:09:37 [INFO] /127.0.0.1:56467 lost connection
2013-03-22 14:09:44 [INFO] technogeek48 [/127.0.0.1:56469] lost connection
2013-03-22 14:10:13 [INFO] technogeek48[/127.0.0.1:56504] logged in with entity id 366 at ([world] 111.45954485508949, 79.0, 299.04521085359744)
2013-03-22 14:10:18 [INFO] technogeek48 issued server command: /trollmode
2013-03-22 14:10:26 [INFO] technogeek48 issued server command: /trollmode
2013-03-22 14:10:34 [INFO] technogeek48 issued server command: /trollmode
2013-03-22 14:12:02 [WARNING] Can't keep up! Did the system time change, or is the server overloaded?
2013-03-22 14:19:55 [WARNING] Can't keep up! Did the system time change, or is the server overloaded?
2013-03-22 15:04:23 [WARNING] Can't keep up! Did the system time change, or is the server overloaded?
2013-03-22 15:14:47 [WARNING] Can't keep up! Did the system time change, or is the server overloaded?
2013-03-22 15:17:19 [INFO] technogeek48 issued server command: /trollmode
2013-03-22 15:18:02 [INFO] technogeek48 issued server command: /trollmode
2013-03-22 15:18:22 [INFO] technogeek48 issued server command: /trollmode
2013-03-22 15:18:24 [INFO] technogeek48 hit the ground too hard
2013-03-22 15:20:51 [INFO] CONSOLE: Stopping the server..[m
2013-03-22 15:20:51 [INFO] Stopping server
2013-03-22 15:20:51 [INFO] [TrollYourPlayers] Disabling TrollYourPlayers v0.2
2013-03-22 15:20:51 [INFO] [TrollYourPlayers] Unloaded TrollYourPlayers v.0.1
2013-03-22 15:20:51 [INFO] Saving players
2013-03-22 15:20:51 [WARNING] DSCT: Socket closed
2013-03-22 15:20:51 [INFO] Closing listening thread
2013-03-22 15:20:51 [INFO] Saving worlds
2013-03-22 15:20:51 [INFO] Saving chunks for level 'world'/Overworld
2013-03-22 15:20:51 [INFO] Saving chunks for level 'world_nether'/Nether
2013-03-22 15:20:52 [INFO] Saving chunks for level 'world_the_end'/The End
2013-03-22 15:20:52 [INFO] Stopping server
2013-03-22 15:21:55 [INFO] Starting minecraft server version 1.4.7
2013-03-22 15:21:55 [INFO] Loading properties
2013-03-22 15:21:55 [INFO] Default game type: SURVIVAL
2013-03-22 15:21:55 [INFO] Generating keypair
2013-03-22 15:21:55 [INFO] Starting Minecraft server on *:25565
2013-03-22 15:21:56 [INFO] This server is running CraftBukkit version git-Bukkit-1.4.7-R1.0-b2624jnks (MC: 1.4.7) (Implementing API version 1.4.7-R1.0)
2013-03-22 15:21:56 [INFO] [TrollYourPlayers] Loading TrollYourPlayers v0.2
2013-03-22 15:21:56 [INFO] Preparing level "world"
2013-03-22 15:21:56 [INFO] Preparing start region for level 0 (Seed: 5006485657382135109)
2013-03-22 15:21:57 [INFO] Preparing start region for level 1 (Seed: 5006485657382135109)
2013-03-22 15:21:57 [INFO] Preparing spawn area: 40%
2013-03-22 15:21:57 [INFO] Preparing start region for level 2 (Seed: 5006485657382135109)
2013-03-22 15:21:57 [INFO] [TrollYourPlayers] Enabling TrollYourPlayers v0.2
2013-03-22 15:21:57 [INFO] [TrollYourPlayers] Loaded TrollYourPlayers v.0.1
2013-03-22 15:21:57 [INFO] Server permissions file permissions.yml is empty, ignoring it
2013-03-22 15:21:57 [INFO] Done (1.529s)! For help, type "help" or "?"
2013-03-22 15:22:07 [INFO] technogeek48 [/127.0.0.1:57238] lost connection
2013-03-22 15:22:21 [INFO] technogeek48[/127.0.0.1:57263] logged in with entity id 412 at ([world] 37.36396793645673, 66.0, 268.79936290749816)
2013-03-22 15:22:33 [INFO] technogeek48 issued server command: /trollmode
2013-03-22 15:22:36 [WARNING] Can't keep up! Did the system time change, or is the server overloaded?
2013-03-22 15:23:05 [INFO] technogeek48 issued server command: /trollmode
2013-03-22 15:23:11 [INFO] technogeek48 issued server command: /trollmode
2013-03-22 15:23:26 [WARNING] Can't keep up! Did the system time change, or is the server overloaded?
2013-03-22 15:23:30 [INFO] technogeek48 issued server command: /trollmode
2013-03-22 15:23:50 [INFO] technogeek48 issued server command: /trollmode
2013-03-22 15:23:52 [WARNING] Can't keep up! Did the system time change, or is the server overloaded?
2013-03-22 15:24:35 [WARNING] Can't keep up! Did the system time change, or is the server overloaded?
2013-03-22 15:25:05 [WARNING] Can't keep up! Did the system time change, or is the server overloaded?
2013-03-22 15:25:35 [WARNING] Can't keep up! Did the system time change, or is the server overloaded?
2013-03-22 15:26:05 [WARNING] Can't keep up! Did the system time change, or is the server overloaded?
2013-03-22 15:26:05 [INFO] technogeek48 issued server command: /trollmode
2013-03-22 15:26:06 [INFO] technogeek48 issued server command: /trollmode
2013-03-22 15:26:09 [INFO] technogeek48 issued server command: /trollmode
2013-03-22 15:26:09 [INFO] technogeek48 issued server command: /trollmode
2013-03-22 15:26:11 [INFO] technogeek48 issued server command: /trollmode
2013-03-22 15:26:15 [INFO] technogeek48 issued server command: /trollmode
2013-03-22 15:26:17 [INFO] technogeek48 issued server command: /trollmode
2013-03-22 15:27:15 [INFO] technogeek48 issued server command: /trollmode
2013-03-22 15:27:18 [WARNING] Can't keep up! Did the system time change, or is the server overloaded?
2013-03-22 15:28:01 [WARNING] Can't keep up! Did the system time change, or is the server overloaded?
2013-03-22 15:28:15 [INFO] CONSOLE: Stopping the server..[m
2013-03-22 15:28:15 [INFO] Stopping server
2013-03-22 15:28:15 [INFO] [TrollYourPlayers] Disabling TrollYourPlayers v0.2
2013-03-22 15:28:15 [INFO] [TrollYourPlayers] Unloaded TrollYourPlayers v.0.1
2013-03-22 15:28:15 [INFO] Saving players
2013-03-22 15:28:15 [WARNING] DSCT: Socket closed
2013-03-22 15:28:15 [INFO] Closing listening thread
2013-03-22 15:28:15 [INFO] Saving worlds
2013-03-22 15:28:15 [INFO] Saving chunks for level 'world'/Overworld
2013-03-22 15:28:15 [INFO] Saving chunks for level 'world_nether'/Nether
2013-03-22 15:28:15 [INFO] Saving chunks for level 'world_the_end'/The End
2013-03-22 15:28:44 [INFO] Starting minecraft server version 1.4.7
2013-03-22 15:28:44 [INFO] Loading properties
2013-03-22 15:28:44 [INFO] Default game type: SURVIVAL
2013-03-22 15:28:44 [INFO] Generating keypair
2013-03-22 15:28:44 [INFO] Starting Minecraft server on *:25565
2013-03-22 15:28:44 [INFO] This server is running CraftBukkit version git-Bukkit-1.4.7-R1.0-b2624jnks (MC: 1.4.7) (Implementing API version 1.4.7-R1.0)
2013-03-22 15:28:45 [INFO] [TrollYourPlayers] Loading TrollYourPlayers v0.2
2013-03-22 15:28:45 [INFO] Preparing level "world"
2013-03-22 15:28:45 [INFO] Preparing start region for level 0 (Seed: 5006485657382135109)
2013-03-22 15:28:45 [INFO] Preparing start region for level 1 (Seed: 5006485657382135109)
2013-03-22 15:28:46 [INFO] Preparing spawn area: 52%
2013-03-22 15:28:46 [INFO] Preparing start region for level 2 (Seed: 5006485657382135109)
2013-03-22 15:28:46 [INFO] [TrollYourPlayers] Enabling TrollYourPlayers v0.2
2013-03-22 15:28:46 [INFO] [TrollYourPlayers] Loaded TrollYourPlayers v.0.1
2013-03-22 15:28:46 [INFO] Server permissions file permissions.yml is empty, ignoring it
2013-03-22 15:28:46 [INFO] Done (1.446s)! For help, type "help" or "?"
2013-03-22 15:29:03 [INFO] technogeek48[/127.0.0.1:57306] logged in with entity id 398 at ([world] -53.223648136506384, 95.22127239553825, 154.58074194238904)
2013-03-22 15:29:11 [INFO] technogeek48 issued server command: /trollmode
2013-03-22 15:29:15 [INFO] technogeek48 issued server command: /trollmode
2013-03-22 15:29:17 [WARNING] Can't keep up! Did the system time change, or is the server overloaded?
2013-03-22 15:30:30 [WARNING] Can't keep up! Did the system time change, or is the server overloaded?
2013-03-22 15:30:44 [INFO] CONSOLE: Stopping the server..[m
2013-03-22 15:30:44 [INFO] Stopping server
2013-03-22 15:30:44 [INFO] [TrollYourPlayers] Disabling TrollYourPlayers v0.2
2013-03-22 15:30:44 [INFO] [TrollYourPlayers] Unloaded TrollYourPlayers v.0.1
2013-03-22 15:30:44 [INFO] Saving players
2013-03-22 15:30:44 [WARNING] DSCT: Socket closed
2013-03-22 15:30:44 [INFO] Closing listening thread
2013-03-22 15:30:44 [INFO] Saving worlds
2013-03-22 15:30:44 [INFO] Saving chunks for level 'world'/Overworld
2013-03-22 15:30:45 [INFO] Saving chunks for level 'world_nether'/Nether
2013-03-22 15:30:45 [INFO] Saving chunks for level 'world_the_end'/The End
2013-03-22 15:31:19 [INFO] Starting minecraft server version 1.4.7
2013-03-22 15:31:19 [INFO] Loading properties
2013-03-22 15:31:19 [INFO] Default game type: SURVIVAL
2013-03-22 15:31:19 [INFO] Generating keypair
2013-03-22 15:31:19 [INFO] Starting Minecraft server on *:25565
2013-03-22 15:31:19 [INFO] This server is running CraftBukkit version git-Bukkit-1.4.7-R1.0-b2624jnks (MC: 1.4.7) (Implementing API version 1.4.7-R1.0)
2013-03-22 15:31:19 [INFO] [TrollYourPlayers] Loading TrollYourPlayers v0.2
2013-03-22 15:31:19 [INFO] Preparing level "world"
2013-03-22 15:31:19 [INFO] Preparing start region for level 0 (Seed: 5006485657382135109)
2013-03-22 15:31:20 [INFO] Preparing start region for level 1 (Seed: 5006485657382135109)
2013-03-22 15:31:20 [INFO] Preparing spawn area: 52%
2013-03-22 15:31:21 [INFO] Preparing start region for level 2 (Seed: 5006485657382135109)
2013-03-22 15:31:21 [INFO] [TrollYourPlayers] Enabling TrollYourPlayers v0.2
2013-03-22 15:31:21 [INFO] [TrollYourPlayers] Loaded TrollYourPlayers v.0.1
2013-03-22 15:31:21 [INFO] Server permissions file permissions.yml is empty, ignoring it
2013-03-22 15:31:21 [INFO] Done (1.479s)! For help, type "help" or "?"
2013-03-22 15:31:27 [INFO] /127.0.0.1:57331 lost connection
2013-03-22 15:31:28 [INFO] technogeek48[/127.0.0.1:57332] logged in with entity id 384 at ([world] -86.28417986254549, 67.0, 59.69598439071278)
2013-03-22 15:31:38 [INFO] technogeek48 issued server command: /trollode
2013-03-22 15:31:43 [INFO] technogeek48 issued server command: /trollmode
2013-03-22 15:32:03 [INFO] technogeek48 hit the ground too hard
2013-03-22 15:32:08 [INFO] technogeek48 issued server command: /trollmode
2013-03-22 15:32:12 [WARNING] Can't keep up! Did the system time change, or is the server overloaded?
2013-03-22 15:32:54 [WARNING] Can't keep up! Did the system time change, or is the server overloaded?
2013-03-22 15:33:23 [WARNING] Can't keep up! Did the system time change, or is the server overloaded?
2013-03-22 15:33:53 [WARNING] Can't keep up! Did the system time change, or is the server overloaded?
2013-03-22 15:34:23 [WARNING] Can't keep up! Did the system time change, or is the server overloaded?
2013-03-22 15:34:53 [WARNING] Can't keep up! Did the system time change, or is the server overloaded?
2013-03-22 15:35:05 [INFO] technogeek48 blew up
2013-03-22 15:35:22 [INFO] CONSOLE: Stopping the server..[m
2013-03-22 15:35:22 [INFO] Stopping server
2013-03-22 15:35:22 [INFO] [TrollYourPlayers] Disabling TrollYourPlayers v0.2
2013-03-22 15:35:22 [INFO] [TrollYourPlayers] Unloaded TrollYourPlayers v.0.1
2013-03-22 15:35:22 [INFO] Saving players
2013-03-22 15:35:22 [WARNING] DSCT: Socket closed
2013-03-22 15:35:22 [INFO] Closing listening thread
2013-03-22 15:35:23 [INFO] Saving worlds
2013-03-22 15:35:23 [INFO] Saving chunks for level 'world'/Overworld
2013-03-22 15:35:23 [INFO] Saving chunks for level 'world_nether'/Nether
2013-03-22 15:35:23 [INFO] Saving chunks for level 'world_the_end'/The End
2013-03-22 15:35:23 [INFO] Stopping server
2013-03-22 15:35:23 [INFO] Saving players
2013-03-22 15:39:58 [INFO] Starting minecraft server version 1.4.7
2013-03-22 15:39:58 [INFO] Loading properties
2013-03-22 15:39:58 [INFO] Default game type: SURVIVAL
2013-03-22 15:39:58 [INFO] Generating keypair
2013-03-22 15:39:58 [INFO] Starting Minecraft server on *:25565
2013-03-22 15:39:58 [INFO] This server is running CraftBukkit version git-Bukkit-1.4.7-R1.0-b2624jnks (MC: 1.4.7) (Implementing API version 1.4.7-R1.0)
2013-03-22 15:39:59 [INFO] [TrollYourPlayers] Loading TrollYourPlayers v0.2
2013-03-22 15:39:59 [INFO] Preparing level "world"
2013-03-22 15:39:59 [INFO] Preparing start region for level 0 (Seed: 5006485657382135109)
2013-03-22 15:39:59 [INFO] Preparing start region for level 1 (Seed: 5006485657382135109)
2013-03-22 15:40:00 [INFO] Preparing spawn area: 36%
2013-03-22 15:40:00 [INFO] Preparing start region for level 2 (Seed: 5006485657382135109)
2013-03-22 15:40:00 [INFO] [TrollYourPlayers] Enabling TrollYourPlayers v0.2
2013-03-22 15:40:00 [INFO] [TrollYourPlayers] Loaded TrollYourPlayers v.0.1
2013-03-22 15:40:00 [INFO] Server permissions file permissions.yml is empty, ignoring it
2013-03-22 15:40:00 [INFO] Done (1.544s)! For help, type "help" or "?"
2013-03-22 15:40:01 [INFO] /127.0.0.1:57368 lost connection
2013-03-22 15:40:05 [INFO] technogeek48[/127.0.0.1:57377] logged in with entity id 440 at ([world] 40.5, 68.0, 256.5)
2013-03-22 15:40:10 [INFO] technogeek48 issued server command: /silentsmite
2013-03-22 15:40:10 [SEVERE] null
org.bukkit.command.CommandException: Unhandled exception executing command 'silentsmite' in plugin TrollYourPlayers v0.2
	at org.bukkit.command.PluginCommand.execute(PluginCommand.java:46)
	at org.bukkit.command.SimpleCommandMap.dispatch(SimpleCommandMap.java:186)
	at org.bukkit.craftbukkit.v1_4_R1.CraftServer.dispatchCommand(CraftServer.java:514)
	at net.minecraft.server.v1_4_R1.PlayerConnection.handleCommand(PlayerConnection.java:980)
	at net.minecraft.server.v1_4_R1.PlayerConnection.chat(PlayerConnection.java:898)
	at net.minecraft.server.v1_4_R1.PlayerConnection.a(PlayerConnection.java:853)
	at net.minecraft.server.v1_4_R1.Packet3Chat.handle(Packet3Chat.java:44)
	at net.minecraft.server.v1_4_R1.NetworkManager.b(NetworkManager.java:290)
	at net.minecraft.server.v1_4_R1.PlayerConnection.d(PlayerConnection.java:113)
	at net.minecraft.server.v1_4_R1.ServerConnection.b(SourceFile:39)
	at net.minecraft.server.v1_4_R1.DedicatedServerConnection.b(SourceFile:30)
	at net.minecraft.server.v1_4_R1.MinecraftServer.r(MinecraftServer.java:598)
	at net.minecraft.server.v1_4_R1.DedicatedServer.r(DedicatedServer.java:224)
	at net.minecraft.server.v1_4_R1.MinecraftServer.q(MinecraftServer.java:494)
	at net.minecraft.server.v1_4_R1.MinecraftServer.run(MinecraftServer.java:427)
	at net.minecraft.server.v1_4_R1.ThreadServerApplication.run(SourceFile:849)
Caused by: java.util.regex.PatternSyntaxException: Illegal repetition
{}
	at java.util.regex.Pattern.error(Pattern.java:1713)
	at java.util.regex.Pattern.closure(Pattern.java:2775)
	at java.util.regex.Pattern.sequence(Pattern.java:1889)
	at java.util.regex.Pattern.expr(Pattern.java:1752)
	at java.util.regex.Pattern.compile(Pattern.java:1460)
	at java.util.regex.Pattern.<init>(Pattern.java:1133)
	at java.util.regex.Pattern.compile(Pattern.java:823)
	at java.lang.String.replaceAll(String.java:2189)
	at me.technogeek48.TrollYourPlayers.TrollYourPlayers.onCommand(TrollYourPlayers.java:27)
	at org.bukkit.command.PluginCommand.execute(PluginCommand.java:44)
	... 15 more
2013-03-22 15:40:33 [INFO] CONSOLE: Stopping the server..[m
2013-03-22 15:40:33 [INFO] Stopping server
2013-03-22 15:40:33 [INFO] [TrollYourPlayers] Disabling TrollYourPlayers v0.2
2013-03-22 15:40:33 [INFO] [TrollYourPlayers] Unloaded TrollYourPlayers v.0.1
2013-03-22 15:40:33 [INFO] Saving players
2013-03-22 15:40:33 [WARNING] DSCT: Socket closed
2013-03-22 15:40:33 [INFO] Closing listening thread
2013-03-22 15:40:33 [INFO] Saving worlds
2013-03-22 15:40:33 [INFO] Saving chunks for level 'world'/Overworld
2013-03-22 15:40:35 [INFO] Saving chunks for level 'world_nether'/Nether
2013-03-22 15:40:35 [INFO] Saving chunks for level 'world_the_end'/The End
2013-03-22 15:43:44 [INFO] Starting minecraft server version 1.4.7
2013-03-22 15:43:44 [INFO] Loading properties
2013-03-22 15:43:44 [INFO] Default game type: SURVIVAL
2013-03-22 15:43:44 [INFO] Generating keypair
2013-03-22 15:43:45 [INFO] Starting Minecraft server on *:25565
2013-03-22 15:43:45 [INFO] This server is running CraftBukkit version git-Bukkit-1.4.7-R1.0-b2624jnks (MC: 1.4.7) (Implementing API version 1.4.7-R1.0)
2013-03-22 15:43:45 [INFO] [TrollYourPlayers] Loading TrollYourPlayers v0.2
2013-03-22 15:43:45 [INFO] Preparing level "world"
2013-03-22 15:43:45 [INFO] Preparing start region for level 0 (Seed: 5006485657382135109)
2013-03-22 15:43:46 [INFO] Preparing start region for level 1 (Seed: 5006485657382135109)
2013-03-22 15:43:46 [INFO] Preparing spawn area: 48%
2013-03-22 15:43:46 [INFO] Preparing start region for level 2 (Seed: 5006485657382135109)
2013-03-22 15:43:46 [INFO] [TrollYourPlayers] Enabling TrollYourPlayers v0.2
2013-03-22 15:43:46 [INFO] [TrollYourPlayers] Loaded TrollYourPlayers v.0.1
2013-03-22 15:43:46 [INFO] Server permissions file permissions.yml is empty, ignoring it
2013-03-22 15:43:46 [INFO] Done (1.497s)! For help, type "help" or "?"
2013-03-22 15:43:57 [INFO] /127.0.0.1:57397 lost connection
2013-03-22 15:43:58 [INFO] technogeek48[/127.0.0.1:57399] logged in with entity id 427 at ([world] 40.42325094932162, 68.0, 256.30302623805414)
2013-03-22 15:44:14 [INFO] technogeek48 issued server command: /trollmode
2013-03-22 15:44:45 [INFO] technogeek48 issued server command: /trollmode
2013-03-22 15:44:50 [INFO] technogeek48 issued server command: /silentsmite
2013-03-22 15:44:50 [SEVERE] null
org.bukkit.command.CommandException: Unhandled exception executing command 'silentsmite' in plugin TrollYourPlayers v0.2
	at org.bukkit.command.PluginCommand.execute(PluginCommand.java:46)
	at org.bukkit.command.SimpleCommandMap.dispatch(SimpleCommandMap.java:186)
	at org.bukkit.craftbukkit.v1_4_R1.CraftServer.dispatchCommand(CraftServer.java:514)
	at net.minecraft.server.v1_4_R1.PlayerConnection.handleCommand(PlayerConnection.java:980)
	at net.minecraft.server.v1_4_R1.PlayerConnection.chat(PlayerConnection.java:898)
	at net.minecraft.server.v1_4_R1.PlayerConnection.a(PlayerConnection.java:853)
	at net.minecraft.server.v1_4_R1.Packet3Chat.handle(Packet3Chat.java:44)
	at net.minecraft.server.v1_4_R1.NetworkManager.b(NetworkManager.java:290)
	at net.minecraft.server.v1_4_R1.PlayerConnection.d(PlayerConnection.java:113)
	at net.minecraft.server.v1_4_R1.ServerConnection.b(SourceFile:39)
	at net.minecraft.server.v1_4_R1.DedicatedServerConnection.b(SourceFile:30)
	at net.minecraft.server.v1_4_R1.MinecraftServer.r(MinecraftServer.java:598)
	at net.minecraft.server.v1_4_R1.DedicatedServer.r(DedicatedServer.java:224)
	at net.minecraft.server.v1_4_R1.MinecraftServer.q(MinecraftServer.java:494)
	at net.minecraft.server.v1_4_R1.MinecraftServer.run(MinecraftServer.java:427)
	at net.minecraft.server.v1_4_R1.ThreadServerApplication.run(SourceFile:849)
Caused by: java.util.regex.PatternSyntaxException: Illegal repetition
{}
	at java.util.regex.Pattern.error(Pattern.java:1713)
	at java.util.regex.Pattern.closure(Pattern.java:2775)
	at java.util.regex.Pattern.sequence(Pattern.java:1889)
	at java.util.regex.Pattern.expr(Pattern.java:1752)
	at java.util.regex.Pattern.compile(Pattern.java:1460)
	at java.util.regex.Pattern.<init>(Pattern.java:1133)
	at java.util.regex.Pattern.compile(Pattern.java:823)
	at java.lang.String.replaceAll(String.java:2189)
	at me.technogeek48.TrollYourPlayers.TrollYourPlayers.onCommand(TrollYourPlayers.java:29)
	at org.bukkit.command.PluginCommand.execute(PluginCommand.java:44)
	... 15 more
2013-03-22 15:44:58 [INFO] technogeek48 issued server command: /trollmode
2013-03-22 15:45:22 [INFO] CONSOLE: Stopping the server..[m
2013-03-22 15:45:22 [INFO] Stopping server
2013-03-22 15:45:22 [INFO] [TrollYourPlayers] Disabling TrollYourPlayers v0.2
2013-03-22 15:45:22 [INFO] [TrollYourPlayers] Unloaded TrollYourPlayers v.0.1
2013-03-22 15:45:22 [INFO] Saving players
2013-03-22 15:45:22 [WARNING] DSCT: Socket closed
2013-03-22 15:45:22 [INFO] Closing listening thread
2013-03-22 15:45:22 [INFO] Saving worlds
2013-03-22 15:45:22 [INFO] Saving chunks for level 'world'/Overworld
2013-03-22 15:45:23 [INFO] Saving chunks for level 'world_nether'/Nether
2013-03-22 15:45:23 [INFO] Saving chunks for level 'world_the_end'/The End
2013-03-22 15:45:23 [INFO] Stopping server
2013-03-22 15:47:23 [INFO] Starting minecraft server version 1.4.7
2013-03-22 15:47:23 [INFO] Loading properties
2013-03-22 15:47:23 [INFO] Default game type: SURVIVAL
2013-03-22 15:47:23 [INFO] Generating keypair
2013-03-22 15:47:23 [INFO] Starting Minecraft server on *:25565
2013-03-22 15:47:24 [INFO] This server is running CraftBukkit version git-Bukkit-1.4.7-R1.0-b2624jnks (MC: 1.4.7) (Implementing API version 1.4.7-R1.0)
2013-03-22 15:47:24 [INFO] [TrollYourPlayers] Loading TrollYourPlayers v0.2
2013-03-22 15:47:24 [INFO] Preparing level "world"
2013-03-22 15:47:24 [INFO] Preparing start region for level 0 (Seed: 5006485657382135109)
2013-03-22 15:47:24 [INFO] Preparing start region for level 1 (Seed: 5006485657382135109)
2013-03-22 15:47:25 [INFO] Preparing spawn area: 52%
2013-03-22 15:47:25 [INFO] Preparing start region for level 2 (Seed: 5006485657382135109)
2013-03-22 15:47:25 [INFO] [TrollYourPlayers] Enabling TrollYourPlayers v0.2
2013-03-22 15:47:25 [INFO] [TrollYourPlayers] Loaded TrollYourPlayers v.0.1
2013-03-22 15:47:25 [INFO] Server permissions file permissions.yml is empty, ignoring it
2013-03-22 15:47:25 [INFO] Done (1.461s)! For help, type "help" or "?"
2013-03-22 15:47:49 [INFO] technogeek48[/127.0.0.1:57444] logged in with entity id 438 at ([world] 57.445749552971904, 76.0, 251.6604006506749)
2013-03-22 15:47:54 [INFO] technogeek48 issued server command: /trollmode
2013-03-22 15:48:07 [INFO] technogeek48 issued server command: /silentsmite
2013-03-22 15:48:07 [SEVERE] null
org.bukkit.command.CommandException: Unhandled exception executing command 'silentsmite' in plugin TrollYourPlayers v0.2
	at org.bukkit.command.PluginCommand.execute(PluginCommand.java:46)
	at org.bukkit.command.SimpleCommandMap.dispatch(SimpleCommandMap.java:186)
	at org.bukkit.craftbukkit.v1_4_R1.CraftServer.dispatchCommand(CraftServer.java:514)
	at net.minecraft.server.v1_4_R1.PlayerConnection.handleCommand(PlayerConnection.java:980)
	at net.minecraft.server.v1_4_R1.PlayerConnection.chat(PlayerConnection.java:898)
	at net.minecraft.server.v1_4_R1.PlayerConnection.a(PlayerConnection.java:853)
	at net.minecraft.server.v1_4_R1.Packet3Chat.handle(Packet3Chat.java:44)
	at net.minecraft.server.v1_4_R1.NetworkManager.b(NetworkManager.java:290)
	at net.minecraft.server.v1_4_R1.PlayerConnection.d(PlayerConnection.java:113)
	at net.minecraft.server.v1_4_R1.ServerConnection.b(SourceFile:39)
	at net.minecraft.server.v1_4_R1.DedicatedServerConnection.b(SourceFile:30)
	at net.minecraft.server.v1_4_R1.MinecraftServer.r(MinecraftServer.java:598)
	at net.minecraft.server.v1_4_R1.DedicatedServer.r(DedicatedServer.java:224)
	at net.minecraft.server.v1_4_R1.MinecraftServer.q(MinecraftServer.java:494)
	at net.minecraft.server.v1_4_R1.MinecraftServer.run(MinecraftServer.java:427)
	at net.minecraft.server.v1_4_R1.ThreadServerApplication.run(SourceFile:849)
Caused by: java.util.regex.PatternSyntaxException: Illegal repetition
{
	at java.util.regex.Pattern.error(Pattern.java:1713)
	at java.util.regex.Pattern.closure(Pattern.java:2775)
	at java.util.regex.Pattern.sequence(Pattern.java:1889)
	at java.util.regex.Pattern.expr(Pattern.java:1752)
	at java.util.regex.Pattern.compile(Pattern.java:1460)
	at java.util.regex.Pattern.<init>(Pattern.java:1133)
	at java.util.regex.Pattern.compile(Pattern.java:823)
	at java.lang.String.replaceAll(String.java:2189)
	at me.technogeek48.TrollYourPlayers.TrollYourPlayers.onCommand(TrollYourPlayers.java:29)
	at org.bukkit.command.PluginCommand.execute(PluginCommand.java:44)
	... 15 more
2013-03-22 15:48:23 [INFO] CONSOLE: Stopping the server..[m
2013-03-22 15:48:23 [INFO] Stopping server
2013-03-22 15:48:23 [INFO] [TrollYourPlayers] Disabling TrollYourPlayers v0.2
2013-03-22 15:48:23 [INFO] [TrollYourPlayers] Unloaded TrollYourPlayers v.0.1
2013-03-22 15:48:23 [INFO] Saving players
2013-03-22 15:48:23 [WARNING] DSCT: Socket closed
2013-03-22 15:48:23 [INFO] Closing listening thread
2013-03-22 15:48:23 [INFO] Saving worlds
2013-03-22 15:48:23 [INFO] Saving chunks for level 'world'/Overworld
2013-03-22 15:48:24 [INFO] Saving chunks for level 'world_nether'/Nether
2013-03-22 15:48:24 [INFO] Saving chunks for level 'world_the_end'/The End
2013-03-22 15:48:24 [INFO] Stopping server
2013-03-22 16:39:32 [INFO] Starting minecraft server version 1.4.7
2013-03-22 16:39:32 [INFO] Loading properties
2013-03-22 16:39:32 [INFO] Default game type: SURVIVAL
2013-03-22 16:39:32 [INFO] Generating keypair
2013-03-22 16:39:32 [INFO] Starting Minecraft server on *:25565
2013-03-22 16:39:32 [INFO] This server is running CraftBukkit version git-Bukkit-1.4.7-R1.0-b2624jnks (MC: 1.4.7) (Implementing API version 1.4.7-R1.0)
2013-03-22 16:39:33 [INFO] [TrollYourPlayers] Loading TrollYourPlayers v0.2
2013-03-22 16:39:33 [INFO] Preparing level "world"
2013-03-22 16:39:33 [INFO] Preparing start region for level 0 (Seed: 5006485657382135109)
2013-03-22 16:39:34 [INFO] Preparing spawn area: 4%
2013-03-22 16:39:35 [INFO] Preparing spawn area: 12%
2013-03-22 16:39:36 [INFO] Preparing spawn area: 20%
2013-03-22 16:39:37 [INFO] Preparing spawn area: 28%
2013-03-22 16:39:38 [INFO] Preparing spawn area: 36%
2013-03-22 16:39:39 [INFO] Preparing spawn area: 40%
2013-03-22 16:39:40 [INFO] Preparing spawn area: 48%
2013-03-22 16:39:41 [INFO] Preparing spawn area: 69%
2013-03-22 16:39:42 [INFO] Preparing start region for level 1 (Seed: 5006485657382135109)
2013-03-22 16:39:42 [INFO] Preparing spawn area: 52%
2013-03-22 16:39:43 [INFO] Preparing start region for level 2 (Seed: 5006485657382135109)
2013-03-22 16:39:43 [INFO] Preparing spawn area: 56%
2013-03-22 16:39:44 [INFO] [TrollYourPlayers] Enabling TrollYourPlayers v0.2
2013-03-22 16:39:44 [INFO] [TrollYourPlayers] Loaded TrollYourPlayers v.0.1
2013-03-22 16:39:44 [INFO] Server permissions file permissions.yml is empty, ignoring it
2013-03-22 16:39:44 [INFO] Done (11.061s)! For help, type "help" or "?"
2013-03-22 16:39:45 [INFO] CONSOLE: Stopping the server..[m
2013-03-22 16:39:45 [INFO] Stopping server
2013-03-22 16:39:45 [INFO] [TrollYourPlayers] Disabling TrollYourPlayers v0.2
2013-03-22 16:39:45 [INFO] [TrollYourPlayers] Unloaded TrollYourPlayers v.0.1
2013-03-22 16:39:45 [INFO] Saving players
2013-03-22 16:39:45 [WARNING] DSCT: Socket closed
2013-03-22 16:39:45 [INFO] Saving worlds
2013-03-22 16:39:45 [INFO] Saving chunks for level 'world'/Overworld
2013-03-22 16:39:45 [INFO] Closing listening thread
2013-03-22 16:39:46 [INFO] Saving chunks for level 'world_nether'/Nether
2013-03-22 16:39:46 [INFO] Saving chunks for level 'world_the_end'/The End
2013-03-22 17:14:40 [INFO] Starting minecraft server version 1.4.7
2013-03-22 17:14:40 [INFO] Loading properties
2013-03-22 17:14:40 [INFO] Default game type: SURVIVAL
2013-03-22 17:14:40 [INFO] Generating keypair
2013-03-22 17:14:41 [INFO] Starting Minecraft server on *:25565
2013-03-22 17:14:41 [INFO] This server is running CraftBukkit version git-Bukkit-1.4.7-R1.0-b2624jnks (MC: 1.4.7) (Implementing API version 1.4.7-R1.0)
2013-03-22 17:14:41 [INFO] [TrollYourPlayers] Loading TrollYourPlayers v0.2
2013-03-22 17:14:41 [INFO] Preparing level "world"
2013-03-22 17:14:41 [INFO] Preparing start region for level 0 (Seed: 5006485657382135109)
2013-03-22 17:14:42 [INFO] Preparing spawn area: 65%
2013-03-22 17:14:43 [INFO] Preparing spawn area: 77%
2013-03-22 17:14:44 [INFO] Preparing spawn area: 89%
2013-03-22 17:14:45 [INFO] Preparing spawn area: 93%
2013-03-22 17:14:46 [INFO] Preparing start region for level 1 (Seed: 5006485657382135109)
2013-03-22 17:14:46 [INFO] Preparing spawn area: 0%
2013-03-22 17:14:47 [INFO] Preparing spawn area: 8%
2013-03-22 17:14:48 [INFO] Preparing spawn area: 12%
2013-03-22 17:14:49 [INFO] Preparing spawn area: 28%
2013-03-22 17:14:50 [INFO] Preparing spawn area: 36%
2013-03-22 17:14:51 [INFO] Preparing spawn area: 48%
2013-03-22 17:14:52 [INFO] Preparing spawn area: 57%
2013-03-22 17:14:53 [INFO] Preparing spawn area: 69%
2013-03-22 17:14:54 [INFO] Preparing spawn area: 97%
2013-03-22 17:14:55 [INFO] Preparing start region for level 2 (Seed: 5006485657382135109)
2013-03-22 17:14:55 [INFO] [TrollYourPlayers] Enabling TrollYourPlayers v0.2
2013-03-22 17:14:55 [INFO] [TrollYourPlayers] Loaded TrollYourPlayers v.0.1
2013-03-22 17:14:55 [INFO] Server permissions file permissions.yml is empty, ignoring it
2013-03-22 17:14:55 [INFO] Done (14.206s)! For help, type "help" or "?"
2013-03-22 17:15:03 [INFO] technogeek48[/127.0.0.1:57711] logged in with entity id 439 at ([world] 57.25429594316916, 76.0, 251.82426737452684)
2013-03-22 17:15:08 [INFO] technogeek48 issued server command: /silentsmite
2013-03-22 17:15:23 [INFO] technogeek48 issued server command: /silentsmite
2013-03-22 17:15:24 [INFO] technogeek48 issued server command: /silentsmite
2013-03-22 17:15:24 [INFO] technogeek48 went up in flames
2013-03-22 17:15:36 [INFO] technogeek48 issued server command: /silentsmite
2013-03-22 17:15:40 [INFO] technogeek48 issued server command: /silentsmite
